<?xml version="1.0" encoding="UTF-8"?>
<testng-results skipped="0" failed="0" ignored="0" total="1" passed="1">
  <reporter-output>
  </reporter-output>
  <suite name="Default suite" duration-ms="14271" started-at="2019-01-06T05:15:13Z" finished-at="2019-01-06T05:15:27Z">
    <groups>
    </groups>
    <test name="Default test" duration-ms="14271" started-at="2019-01-06T05:15:13Z" finished-at="2019-01-06T05:15:27Z">
      <class name="com.test.TC_01">
        <test-method status="PASS" signature="test()[pri:0, instance:com.test.TC_01@cc285f4]" name="test" duration-ms="14240" started-at="2019-01-06T05:15:13Z" finished-at="2019-01-06T05:15:27Z">
          <reporter-output>
          </reporter-output>
        </test-method> <!-- test -->
      </class> <!-- com.test.TC_01 -->
    </test> <!-- Default test -->
  </suite> <!-- Default suite -->
</testng-results>
